<?xml version="1.0" encoding="UTF-8"?>

<mule xmlns:netsuite="http://www.mulesoft.org/schema/mule/netsuite" xmlns="http://www.mulesoft.org/schema/mule/core" xmlns:sfdc="http://www.mulesoft.org/schema/mule/sfdc" xmlns:doc="http://www.mulesoft.org/schema/mule/documentation" xmlns:spring="http://www.springframework.org/schema/beans" version="EE-3.6.1" xmlns:xsi="http://www.w3.org/2001/XMLSchema-instance" xsi:schemaLocation="http://www.mulesoft.org/schema/mule/sfdc http://www.mulesoft.org/schema/mule/sfdc/current/mule-sfdc.xsd
http://www.springframework.org/schema/beans http://www.springframework.org/schema/beans/spring-beans-current.xsd
http://www.mulesoft.org/schema/mule/core http://www.mulesoft.org/schema/mule/core/current/mule.xsd
http://www.mulesoft.org/schema/mule/netsuite http://www.mulesoft.org/schema/mule/netsuite/current/mule-netsuite.xsd">
    <sub-flow name="updateSFDCOpportunity">
        <sfdc:update config-ref="Salesforce" type="Opportunity" doc:name="Salesforce">
            <sfdc:objects ref="#[payload]"/>
        </sfdc:update>
    </sub-flow>
    <sub-flow name="createAccountsInSFDC">
        <sfdc:create config-ref="Salesforce" type="Account" doc:name="Salesforce">
            <sfdc:objects ref="#[payload]"/>
        </sfdc:create>
    </sub-flow>
    <sub-flow name="deleteAccountFromSFDC">
        <sfdc:delete config-ref="Salesforce" doc:name="Salesforce">
            <sfdc:ids ref="#[payload]"/>
        </sfdc:delete>
    </sub-flow>

    <sub-flow name="createOpportunityInSFDC" >
        <sfdc:create config-ref="Salesforce" type="Opportunity" doc:name="Salesforce">
            <sfdc:objects ref="#[payload]"/>
        </sfdc:create>
        <logger message="Opportunity created in SFDC!" level="INFO" doc:name="Logger"/>

    </sub-flow>

    
    <sub-flow name="deleteOpportunitiesFromSFDC" >
        <sfdc:delete config-ref="Salesforce" doc:name="Salesforce">
            <sfdc:ids ref="#[payload]"/>

        </sfdc:delete>
        <logger message="Opportunity deleted from SFDC!" level="INFO" doc:name="Logger"/>
    </sub-flow>
    <sub-flow name="deleteCustomersFromNetsuite">
        <netsuite:delete-record config-ref="Netsuite" doc:name="Netsuite">
            <netsuite:record-ref externalId="#[payload]" type="CUSTOMER"/>
        </netsuite:delete-record>
    </sub-flow>
    <sub-flow name="deleteSalesOrderFromNetsuite">
        <netsuite:delete-record config-ref="Netsuite" doc:name="Netsuite">
            <netsuite:record-ref externalId="#[payload]" type="SALES_ORDER"/>
        </netsuite:delete-record>
        <logger message="Sales Order deleted from NetSuite!" level="INFO" doc:name="Logger"/>
    </sub-flow>
    <sub-flow name="retrieveSalesOrderFromNetsuite">
        <netsuite:get-record config-ref="Netsuite" doc:name="Netsuite">
            <netsuite:record-ref externalId="#[payload]" type="SALES_ORDER"/>
        </netsuite:get-record>
    </sub-flow>

</mule>
