<?xml version="1.0" encoding="UTF-8"?>

<mule xmlns:metadata="http://www.mulesoft.org/schema/mule/metadata" xmlns:dw="http://www.mulesoft.org/schema/mule/ee/dw" xmlns:netsuite="http://www.mulesoft.org/schema/mule/netsuite"
	xmlns="http://www.mulesoft.org/schema/mule/core" xmlns:sfdc="http://www.mulesoft.org/schema/mule/sfdc"
	xmlns:doc="http://www.mulesoft.org/schema/mule/documentation"
	xmlns:spring="http://www.springframework.org/schema/beans"
	xmlns:xsi="http://www.w3.org/2001/XMLSchema-instance"
	xsi:schemaLocation="http://www.mulesoft.org/schema/mule/sfdc http://www.mulesoft.org/schema/mule/sfdc/current/mule-sfdc.xsd
http://www.springframework.org/schema/beans http://www.springframework.org/schema/beans/spring-beans-current.xsd
http://www.mulesoft.org/schema/mule/core http://www.mulesoft.org/schema/mule/core/current/mule.xsd
http://www.mulesoft.org/schema/mule/netsuite http://www.mulesoft.org/schema/mule/netsuite/current/mule-netsuite.xsd
http://www.mulesoft.org/schema/mule/ee/dw http://www.mulesoft.org/schema/mule/ee/dw/current/dw.xsd">
    <sub-flow name="updateSFDCOpportunity">
        <sfdc:update config-ref="Salesforce" type="Opportunity" doc:name="Salesforce">
            <sfdc:objects ref="#[payload]"/>
        </sfdc:update>
    </sub-flow>
    <sub-flow name="createAccountsInSFDC">
        <sfdc:create config-ref="Salesforce" type="Opportunity" doc:name="Salesforce">
            <sfdc:objects/>
        </sfdc:create>
    </sub-flow>
    <sub-flow name="deleteAccountFromSFDC">
        <sfdc:delete config-ref="Salesforce" doc:name="Salesforce">
            <sfdc:ids ref="#[payload]"/>
        </sfdc:delete>
    </sub-flow>

    <sub-flow name="createOpportunityInSFDC" >
        <sfdc:create config-ref="Salesforce" type="Opportunity" doc:name="Salesforce">
            <sfdc:objects ref="#[payload]"/>
        </sfdc:create>
        <logger message="Opportunity created in SFDC!" level="INFO" doc:name="Logger"/>

    </sub-flow>

    
    <sub-flow name="deleteOpportunitiesFromSFDC" >
        <sfdc:delete config-ref="Salesforce" doc:name="Salesforce">
            <sfdc:ids ref="#[payload]"/>

        </sfdc:delete>
        <logger message="Opportunity deleted from SFDC!" level="INFO" doc:name="Logger"/>
    </sub-flow>
    <sub-flow name="deleteCustomersFromNetsuite">
        <netsuite:delete-record config-ref="Netsuite" doc:name="Netsuite">
            <netsuite:record-ref externalId="#[payload]" type="CUSTOMER"/>
        </netsuite:delete-record>
    </sub-flow>
    <sub-flow name="deleteSalesOrderFromNetsuite">
        <netsuite:delete-record config-ref="Netsuite" doc:name="Netsuite">
            <netsuite:record-ref externalId="#[payload]" type="SALES_ORDER"/>
        </netsuite:delete-record>
        <logger message="Sales Order deleted from NetSuite!" level="INFO" doc:name="Logger"/>
    </sub-flow>
    <sub-flow name="retrieveSalesOrderFromNetsuite">
        <dw:transform-message metadata:id="68daf8cc-1337-41d9-940e-d248cce9e844" doc:name="Create search criteria">
            <dw:set-payload><![CDATA[%dw 1.0
%output application/java
---
{
	externalIdString: {
		operator: "IS",
		searchValue: payload
	},
	recordType: {
		operator: "IS",
		searchValue: "SalesOrder"
	}
} as :object {class: "com.netsuite.webservices.platform.common.TransactionSearchBasic"}]]></dw:set-payload>
        </dw:transform-message>
        <enricher source="#[payload.hasNext() ? payload.next() : NullPayload.getInstance()]" target="#[payload]" doc:name="Message Enricher">
            <netsuite:search config-ref="Netsuite" searchRecord="TRANSACTION_BASIC" doc:name="Netsuite"/>
        </enricher>
        <logger message="Retrieved Sales Order: #[payload]" level="INFO" doc:name="Logger"/>
    </sub-flow>

</mule>
